<?xml version="1.0" encoding="UTF-8"?>
<!-- Generated by org.testng.reporters.JUnitXMLReporter -->
<testsuite hostname="LAPTOP-PMH17P5F" ignored="0" name="Default test" tests="4" failures="0" timestamp="30 Jun 2020 18:55:17 GMT" time="104.594" errors="0">
  <testcase name="LoginPageTitleTest" time="0.065" classname="com.crm.qa.testcases.LoginPageTest"/>
  <testcase name="LoginPageCRMLogoTest" time="0.061" classname="com.crm.qa.testcases.LoginPageTest"/>
  <testcase name="LoginPageSignUpTest" time="0.041" classname="com.crm.qa.testcases.LoginPageTest"/>
  <testcase name="LoginVerificationTest" time="34.84" classname="com.crm.qa.testcases.LoginPageTest"/>
</testsuite> <!-- Default test -->
