<?xml version="1.0" encoding="UTF-8"?>
<!-- Generated by org.testng.reporters.JUnitXMLReporter -->
<testsuite hostname="LAPTOP-PMH17P5F" ignored="0" name="Free CRM Application Test Cases" tests="4" failures="0" timestamp="30 Jun 2020 19:29:04 GMT" time="91.535" errors="0">
  <testcase name="LoginPageTitleTest" time="0.111" classname="com.crm.qa.testcases.LoginPageTest"/>
  <testcase name="LoginPageCRMLogoTest" time="0.111" classname="com.crm.qa.testcases.LoginPageTest"/>
  <testcase name="LoginPageSignUpTest" time="0.133" classname="com.crm.qa.testcases.LoginPageTest"/>
  <testcase name="LoginVerificationTest" time="37.13" classname="com.crm.qa.testcases.LoginPageTest"/>
</testsuite> <!-- Free CRM Application Test Cases -->
