<?xml version="1.0" encoding="UTF-8"?>
<testng-results skipped="0" failed="0" ignored="0" total="4" passed="4">
  <reporter-output>
  </reporter-output>
  <suite name="FREE CRM APPLICATION AUTOMATION TEST SUITE" duration-ms="91535" started-at="2020-06-30T19:27:33Z" finished-at="2020-06-30T19:29:04Z">
    <groups>
    </groups>
    <test name="Free CRM Application Test Cases" duration-ms="91535" started-at="2020-06-30T19:27:33Z" finished-at="2020-06-30T19:29:04Z">
      <class name="com.crm.qa.testcases.LoginPageTest">
        <test-method status="PASS" signature="setExtent()[pri:0, instance:com.crm.qa.testcases.LoginPageTest@2038ae61]" name="setExtent" is-config="true" duration-ms="286" started-at="2020-07-01T00:57:33Z" finished-at="2020-07-01T00:57:33Z">
          <reporter-output>
          </reporter-output>
        </test-method> <!-- setExtent -->
        <test-method status="PASS" signature="Setup()[pri:0, instance:com.crm.qa.testcases.LoginPageTest@2038ae61]" name="Setup" is-config="true" duration-ms="13563" started-at="2020-07-01T00:57:33Z" finished-at="2020-07-01T00:57:46Z">
          <reporter-output>
          </reporter-output>
        </test-method> <!-- Setup -->
        <test-method status="PASS" signature="LoginPageTitleTest()[pri:1, instance:com.crm.qa.testcases.LoginPageTest@2038ae61]" name="LoginPageTitleTest" duration-ms="111" started-at="2020-07-01T00:57:46Z" finished-at="2020-07-01T00:57:47Z">
          <reporter-output>
          </reporter-output>
        </test-method> <!-- LoginPageTitleTest -->
        <test-method status="PASS" signature="Teardown()[pri:0, instance:com.crm.qa.testcases.LoginPageTest@2038ae61]" name="Teardown" is-config="true" duration-ms="1299" started-at="2020-07-01T00:57:47Z" finished-at="2020-07-01T00:57:48Z">
          <reporter-output>
          </reporter-output>
        </test-method> <!-- Teardown -->
        <test-method status="PASS" signature="Setup()[pri:0, instance:com.crm.qa.testcases.LoginPageTest@2038ae61]" name="Setup" is-config="true" duration-ms="10855" started-at="2020-07-01T00:57:48Z" finished-at="2020-07-01T00:57:59Z">
          <reporter-output>
          </reporter-output>
        </test-method> <!-- Setup -->
        <test-method status="PASS" signature="LoginPageCRMLogoTest()[pri:2, instance:com.crm.qa.testcases.LoginPageTest@2038ae61]" name="LoginPageCRMLogoTest" duration-ms="111" started-at="2020-07-01T00:57:59Z" finished-at="2020-07-01T00:57:59Z">
          <reporter-output>
          </reporter-output>
        </test-method> <!-- LoginPageCRMLogoTest -->
        <test-method status="PASS" signature="Teardown()[pri:0, instance:com.crm.qa.testcases.LoginPageTest@2038ae61]" name="Teardown" is-config="true" duration-ms="824" started-at="2020-07-01T00:57:59Z" finished-at="2020-07-01T00:58:00Z">
          <reporter-output>
          </reporter-output>
        </test-method> <!-- Teardown -->
        <test-method status="PASS" signature="Setup()[pri:0, instance:com.crm.qa.testcases.LoginPageTest@2038ae61]" name="Setup" is-config="true" duration-ms="13613" started-at="2020-07-01T00:58:00Z" finished-at="2020-07-01T00:58:13Z">
          <reporter-output>
          </reporter-output>
        </test-method> <!-- Setup -->
        <test-method status="PASS" signature="LoginPageSignUpTest()[pri:3, instance:com.crm.qa.testcases.LoginPageTest@2038ae61]" name="LoginPageSignUpTest" duration-ms="133" started-at="2020-07-01T00:58:13Z" finished-at="2020-07-01T00:58:13Z">
          <reporter-output>
          </reporter-output>
        </test-method> <!-- LoginPageSignUpTest -->
        <test-method status="PASS" signature="Teardown()[pri:0, instance:com.crm.qa.testcases.LoginPageTest@2038ae61]" name="Teardown" is-config="true" duration-ms="938" started-at="2020-07-01T00:58:13Z" finished-at="2020-07-01T00:58:14Z">
          <reporter-output>
          </reporter-output>
        </test-method> <!-- Teardown -->
        <test-method status="PASS" signature="Setup()[pri:0, instance:com.crm.qa.testcases.LoginPageTest@2038ae61]" name="Setup" is-config="true" duration-ms="11749" started-at="2020-07-01T00:58:14Z" finished-at="2020-07-01T00:58:26Z">
          <reporter-output>
          </reporter-output>
        </test-method> <!-- Setup -->
        <test-method status="PASS" signature="LoginVerificationTest()[pri:4, instance:com.crm.qa.testcases.LoginPageTest@2038ae61]" name="LoginVerificationTest" duration-ms="37130" started-at="2020-07-01T00:58:26Z" finished-at="2020-07-01T00:59:03Z">
          <reporter-output>
          </reporter-output>
        </test-method> <!-- LoginVerificationTest -->
        <test-method status="PASS" signature="Teardown()[pri:0, instance:com.crm.qa.testcases.LoginPageTest@2038ae61]" name="Teardown" is-config="true" duration-ms="869" started-at="2020-07-01T00:59:03Z" finished-at="2020-07-01T00:59:04Z">
          <reporter-output>
          </reporter-output>
        </test-method> <!-- Teardown -->
      </class> <!-- com.crm.qa.testcases.LoginPageTest -->
    </test> <!-- Free CRM Application Test Cases -->
  </suite> <!-- FREE CRM APPLICATION AUTOMATION TEST SUITE -->
</testng-results>
